[zenlog][omakoto2] /etc []
[(not in a repo) () *** run a-envsetup and lunch *** {}]
$ ls -l
[2016/03/18-17:02:54] start:
COMMAND:
ls -l
OUTPUT:
total 139488
drwxr-xr-x  3 root root        4096 Jun 15  2015 acpi
-rw-r--r--  1 root root        2981 Jun  1  2015 adduser.conf
-rw-r--r--  1 root root          51 Jun  1  2015 aliases
-rw-r--r--  1 root root       12288 Jun  1  2015 aliases.db
drwxr-xr-x  2 root root       16384 Mar 11 09:11 alternatives
-rw-r--r--  1 root root         401 Feb 19  2014 anacrontab
-rw-r--r--  1 root root         112 Jan 10  2014 apg.conf
drwxr-xr-x  6 root root        4096 Jun 15  2015 apm
drwxr-xr-x  3 root root        4096 Aug 24  2015 apparmor
drwxr-xr-x  8 root root        4096 Mar 16 02:02 apparmor.d
drwxr-xr-x  4 root root        4096 Dec  7 10:45 apport
drwxr-xr-x  6 root root        4096 Jun 19  2015 apt
-rw-r-----  1 root daemon       144 Oct 21  2013 at.deny
drwxr-xr-x  2 root root        4096 Jun 15  2015 at-spi2
drwxr-x---  3 root root        4096 Jun 15  2015 audisp
drwxr-x---  3 root root        4096 Sep 14  2015 audit
-rw-r--r--  1 root root      555570 Mar 15 16:11 auto.auto
-rw-r--r--  1 root root        1005 Mar 15 16:11 auto.auto.local
-rw-r--r--  1 root root       84286 Mar 18 10:53 auto.home
-rw-r--r--  1 root root         101 Mar 18 10:53 auto.home.local
-rw-r--r--  1 root root         770 Jun 19  2015 auto.master
-rw-r--r--  1 root root         524 Jun  4  2014 auto.misc
-rwxr-xr-x  1 root root        1397 Jun  4  2014 auto.net
-rwxr-xr-x  1 root root         687 Jun  4  2014 auto.smb
drwxr-xr-x  3 root root        4096 Jun 15  2015 avahi
-rw-r--r--  1 root root        3251 Nov  2 10:15 bash.bashrc
-rw-r--r--  1 root root          45 Mar 22  2014 bash_completion
drwxr-xr-x  2 root root        4096 Mar 17 16:02 bash_completion.d
-rw-r--r--  1 root root         356 Jan  1  2012 bindresvport.blacklist
-rw-r--r--  1 root root         321 Apr 16  2014 blkid.conf
lrwxrwxrwx  1 root root          15 Sep  2  2015 blkid.tab -> /dev/.blkid.tab
drwxr-xr-x  2 root root        4096 Jun 15  2015 bluetooth
drwxr-xr-x  2 root root        4096 Jun 15  2015 bonobo-activation
-rw-r--r--  1 root root          33 Jun  1  2015 brlapi.key
drwxr-xr-x  2 root root       12288 Jun 15  2015 brltty
-rw-r--r--  1 root root       22478 Mar 31  2014 brltty.conf
drwxr-xr-x  3 root root        4096 Jun 15  2015 ca-certificates
-rw-r--r--  1 root root        9543 Mar 14 02:18 ca-certificates.conf
-rw-r--r--  1 root root        8647 Feb 29 04:25 ca-certificates.conf.dpkg-old
drwxr-xr-x  2 root root        4096 Jun 15  2015 calendar
drwxr-s---  2 root dip         4096 Jun 15  2015 chatscripts
-rw-r--r--  1 root root         549 Oct 19 15:05 chrome-remote-desktop-session
-rw-r--r--  1 root root        1332 Jan 16  2014 colord.conf
drwxr-xr-x  2 root root        4096 Jul 27  2015 compizconfig
-rw-r--r--  1 root root       56531 Jun 22  2012 complete.tcsh
drwxr-xr-x  3 root root        4096 Dec  2 05:41 connectd
drwxr-xr-x  5 root root        4096 Jun 15  2015 ConsoleKit
drwxr-xr-x  2 root root        4096 Jun 15  2015 console-setup
-r--------  1 root root        6287 Dec 31  1999 cookie-monster.rc
-rw-r--r--  1 root root        4169 Jan 25  2014 cowpoke.conf
drwxr-xr-x  2 root root        4096 Jun 15  2015 cracklib
-rw-r--r--  1 root root         598 Jan 19 08:03 credkit.conf
drwxr-xr-x  2 root root        4096 Mar 14 02:19 cron.d
drwxr-xr-x  2 root root        4096 Mar 16 15:02 cron.daily
drwxr-xr-x  2 root root        4096 Jun 15  2015 cron.hourly
drwxr-xr-x  2 root root        4096 Jun 15  2015 cron.monthly
-rw-r--r--  1 root root         722 Feb  8  2013 crontab
drwxr-xr-x  2 root root        4096 Sep 24 01:36 cron.weekly
-rw-r--r--  1 root root          71 Jun 15  2015 crypttab
drwxr-xr-x  3 root root        4096 Jun 15  2015 csh
-rw-r--r--  1 root root         530 Oct 14 02:34 csh.cshrc
-rw-r--r--  1 root root         361 Sep 14  2015 csh.login
-rw-r--r--  1 root root          67 Jun 22  2012 csh.logout
drwxr-xr-x  5 root lp          4096 Jan 11 08:11 cups
drwxr-xr-x  2 root root        4096 Jun 15  2015 cupshelpers
drwxr-xr-x  4 root root        4096 Jun 15  2015 dbus-1
drwxr-xr-x  4 root root        4096 Jun 15  2015 dconf
-rw-r--r--  1 root root        2969 Feb 23  2014 debconf.conf
-rw-r--r--  1 root root          11 Feb 19  2014 debian_version
-rw-r--r--  1 root root           0 Aug  7  2013 debsums-ignore
drwxr-xr-x  3 root root        4096 Mar 17 10:47 default
-rw-r--r--  1 root root         604 Nov  7  2013 deluser.conf
drwxr-xr-x  2 root root        4096 Jun 15  2015 depmod.d
-rw-r--r--  1 root root       17986 Jun  1  2015 devscripts.conf
drwxr-xr-x  4 root root        4096 Jan 25 09:03 dhcp
drwxr-xr-x  2 root root        4096 Jun 15  2015 dictd
drwxr-xr-x  2 root root        4096 Jun 15  2015 dictionaries-common
drwxr-xr-x  2 root root        4096 Jun 15  2015 discover.conf.d
-rw-r--r--  1 root root         346 Dec 29  2013 discover-modprobe.conf
drwxr-xr-x  3 root root        4096 Oct 13 13:24 dkms
drwxr-xr-x  2 root root        4096 Dec 14 10:41 dnsmasq.d
drwxr-xr-x  3 root root        4096 Jun 15  2015 doc-base
drwxr-xr-x  4 root root        4096 Dec  7 05:11 dpkg
-rw-r--r--  1 root root        2904 Jul 15  2014 dput.cf
-rw-r--r--  1 root root        3095 Mar 11  2015 drirc
drwxr-xr-x  3 root root        4096 Jun 15  2015 dropbear
drwxr-xr-x  3 root root        4096 Jun 15  2015 emacs
drwxr-xr-x  3 root root        4096 Jun 15  2015 emacs24
-rw-r--r--  1 root root         331 Jun  1  2015 environment
drwxr-xr-x  2 root root        4096 Jun 15  2015 fakechroot
drwxr-xr-x  3 root root        4096 Feb 22 06:06 firefox
drwxr-xr-x  3 root root        4096 Jun 15  2015 firefox-3.0
drwxr-xr-x  2 root root        4096 Jun 15  2015 fish
drwxr-xr-x  4 root root        4096 Jun 15  2015 fonts
-rw-r--r--  1 root root        1480 Sep  1  2015 fstab
drwxr-xr-x  2 root root        4096 Apr 16  2014 fstab.d
-rw-r--r--  1 root root         133 Jun  1  2015 fuse.conf
-rw-------  1 root root        1016 Jun 15  2015 gagent.local.yaml
-rw-r--r--  1 root root        2584 Oct 10  2012 gai.conf
drwxr-xr-x  5 root root        4096 Jun 15  2015 gconf
drwxr-xr-x  4 root root        4096 Jun 15  2015 ghostscript
drwxr-xr-x  3 root root        4096 Jun 23  2015 gimp
drwxr-xr-x  2 root root        4096 Jun 15  2015 gnome
drwxr-xr-x  2 root root        4096 Jun 15  2015 gnome-app-install
drwxr-xr-x  3 root root        4096 Jun 15  2015 gnome-settings-daemon
drwxr-xr-x  3 root root        4096 Jun 15  2015 gnome-vfs-2.0
drwxr-xr-x  3 root root        4096 Jun 19  2015 goobuntu
drwxr-xr-x  2 root root        4096 Mar 17 10:47 google
drwxr-xr-x  4 root root        4096 Mar 14 02:18 googlekeys
drwxr-xr-x  2 root root        4096 Feb  8 21:09 googlenetworkaccess.d
drwxr-xr-x  2 root root        4096 Jun 15  2015 groff
-rw-r--r--  1 root root        1031 Jan 26 17:35 group
-rw-------  1 root root        1024 Jan 26 17:35 group-
-rw-r--r--  1 root root    25850430 Mar 18 16:58 group.cache
-rw-r--r--  1 root root      214944 Mar 18 16:58 group.cache.ixgid
-rw-r--r--  1 root root      846342 Mar 18 16:58 group.cache.ixname
drwxr-xr-x  2 root root        4096 Jan 19 05:22 grub.d
-rw-r-----  1 root shadow       858 Jan 26 17:35 gshadow
-rw-------  1 root root         851 Jan 26 17:35 gshadow-
-rw-r--r--  1 root root         834 Dec 18  2013 gssapi_mech.conf
drwxr-xr-x  2 root root        4096 Feb 29 04:26 gtk-2.0
drwxr-xr-x  2 root root        4096 Aug  6  2015 gtk-3.0
-rw-r--r--  1 root root        4781 Nov 15  2013 hdparm.conf
-rw-r--r--  1 root root          92 Feb 19  2014 host.conf
-rw-r--r--  1 root root          29 Jun 19  2015 hostname
-rw-r--r--  1 root root         385 Jun 19  2015 hosts
-rw-r--r--  1 root root         411 Jun  1  2015 hosts.allow
-rw-r--r--  1 root root         711 Jun  1  2015 hosts.deny
drwxr-xr-x  2 root root        4096 Aug  6  2015 hp
-rw-r--r--  1 root root         206 Oct 10  2012 idmapd.conf
drwxr-xr-x  3 root root        4096 Jun 15  2015 ifplugd
drwxr-xr-x  2 root root        4096 Jun 15  2015 ImageMagick
-rw-r-----  1 root root         818 Mar 14 04:43 ima-policy
drwxr-xr-x  2 root root        4096 Feb 18 13:40 inept
drwxr-xr-x  2 root root       12288 Mar 17 18:04 init
drwxr-xr-x  2 root root        4096 Mar 17 14:02 init.d
drwxr-xr-x  3 root root        4096 Jun 15  2015 initramfs
drwxr-xr-x  7 root root        4096 Jun 15  2015 initramfs-tools
-rw-r--r--  1 root root        1780 Jun  1  2015 inputrc
drwxr-xr-x  3 root root        4096 Jun 15  2015 insserv
-rw-r--r--  1 root root         771 May 18  2013 insserv.conf
drwxr-xr-x  2 root root        4096 Oct 27 21:40 insserv.conf.d
drwxr-xr-x  2 root root        4096 Aug  6  2015 iproute2
-r--r--r--  1 root root        7306 Jun  1  2015 irssi.conf
drwxr-xr-x  2 root root        4096 Jun 15  2015 iscsi
-rw-r--r--  1 root root          26 Feb 16 08:43 issue
-rw-r--r--  1 root root          19 Feb 16 08:43 issue.net
drwxr-xr-x  5 root root        4096 Feb  1 19:17 java-7-openjdk
drwxr-xr-x  5 root root        4096 Dec 14 11:27 java-8-openjdk
drwxr-xr-x  2 root root        4096 Jun 15  2015 kbd
drwxr-xr-x  2 root root        4096 Sep 14  2015 kde4
drwxr-xr-x  7 root root        4096 Jun 15  2015 kernel
-rw-------  1 root root          38 Jun 15  2015 kernel-img.conf
-rw-r--r--  1 root root         568 Jul  1  2015 kernel-pruner.conf
-rw-r--r--  1 root root        1022 Sep  1  2015 krb5.conf
-rw-------  1 root root         653 Jun 19  2015 krb5.keytab
drwxr-xr-x  2 root root        4096 Aug 24  2015 landscape
-rw-r--r--  1 root root       39576 Jun 25  2013 latex2html.conf
drwxr-xr-x  3 root root        4096 Sep 24 01:37 ldap
-rw-r--r--  1 root root         523 Jun 15  2015 ldap.conf
-rw-r--r--  1 root root      139780 Mar 14 04:43 ld.so.cache
-rw-r--r--  1 root root          34 Jun  1  2015 ld.so.conf
drwxr-xr-x  2 root root        4096 Feb 29 04:26 ld.so.conf.d
-rw-r--r--  1 root root         191 Dec  4  2013 libaudit.conf
drwxr-xr-x  2 root root        4096 Jun 15  2015 libnl-3
drwxr-xr-x  2 root root        4096 Jun 19  2015 libpam-policycache.d
drwxr-xr-x  2 root root        4096 Jun 15  2015 libpaper.d
drwxr-xr-x  2 root root        4096 Feb 29 04:26 libreoffice
drwxr-xr-x  5 root root        4096 Dec 17 04:30 lightdm
-rw-r--r--  1 root root        1291 Mar 29  2014 lintianrc
drwxr-xr-x  2 root root        4096 Jun 15  2015 localbabysitter.d
-rw-r--r--  1 root root        2570 Aug  5  2010 locale.alias
-rw-r--r--  1 root root        2819 Nov  2 10:18 localtime
drwxr-xr-x  4 root root        4096 Jun 15  2015 logcheck
-rw-r--r--  1 root root       10551 Feb 16  2014 login.defs
-rw-r--r--  1 root root         703 Jan 22  2014 logrotate.conf
drwxr-xr-x  2 root root        4096 Mar 16 15:02 logrotate.d
drwxr-xr-x  2 root root        4096 Jan 27 12:51 logs_exporter
-rw-r--r--  1 root root         325 Mar 14 04:43 lsb-release
-rw-r--r--  1 root root         105 Feb 16 08:29 lsb-release.dpkg-dist
-rw-r--r--  1 root root       14867 May  9  2014 ltrace.conf
drwxr-xr-x  4 root root        4096 Jun 19  2015 lvm
-rw-r--r--  1 root root         111 Jan 27  2015 magic
-rw-r--r--  1 root root         111 Jan 27  2015 magic.mime
-rw-r--r--  1 root root       53038 Mar 16 11:47 mailcap
-rw-r--r--  1 root root         449 Jan  6  2015 mailcap.order
-rw-r--r--  1 root root          11 Jun 15  2015 mailname
-rw-r--r--  1 root root         125 Jan  5  2015 mail.rc
-rw-r--r--  1 root root        5173 Apr 10  2014 manpath.config
drwxr-xr-x  2 root root        4096 Jun 15  2015 mcelog
drwxr-xr-x  3 root root        4096 Jul  1  2015 mercurial
-rw-r--r--  1 root root       23922 Jan  6  2015 mime.types
-rw-r--r--  1 root root         956 Feb 19  2014 mke2fs.conf
drwxr-xr-x  2 root root        4096 Mar 17 21:18 mnp_iptables
drwxr-xr-x  2 root root        4096 Feb 24 09:47 modprobe.d
-rw-r--r--  1 root root         270 Jun 15  2015 modules
drwxr-xr-x  2 root root        4096 Jan 11 08:11 modules-load.d
-rw-r--r--  1 root root        1929 Mar 17 18:06 mtab
-rw-------  1 root root           0 Nov 24 13:29 mtab~.27203
-rw-------  1 root nogroup        0 Nov 24 13:29 mtab~.27228
-rw-------  1 root eng            0 Nov 24 13:29 mtab~.27250
-rw-------  1 root lightdm        0 Jun  1  2015 mtab.fuselock
-rw-r--r--  1 root root         624 Aug  8  2007 mtools.conf
drwxr-xr-x  3 root root        4096 Feb  1 15:00 mysql
-rw-r--r--  1 root root        8453 Oct  1  2012 nanorc
-rw-r--r--  1 root root         767 May  2  2011 netconfig
-rw-r--r--  1 root root          95 Jun 19  2015 netgroup
-rw-r--r--  1 root root        2064 Nov 23  2006 netscsid.conf
drwxr-xr-x  7 root root        4096 Jun 15  2015 network
drwxr-xr-x  6 root root        4096 Dec 14 10:41 NetworkManager
-rw-r--r--  1 root root          91 Feb 19  2014 networks
drwxr-xr-x  2 root root        4096 Jun 15  2015 newt
drwxr-xr-x  2 root root        4096 Mar  1 16:21 nsscacheclient
-rw-------  1 root root    19144704 Oct  8 11:03 nsscacheclient-candidate.193380520
-rw-------  1 root root    13930496 Mar 11 09:12 nsscacheclient-candidate.283649693
-rw-r--r--  1 root root        3451 Oct  5  2013 nsscache.conf
-rw-r--r--  1 root root        4890 Mar  1 12:09 nssecurity.ini
-rw-r--r--  1 root root         396 Jun 15  2015 nsswitch.conf
-rw-r--r--  1 root root         761 Dec  7 10:45 ntp.conf
-rw-r--r--  1 root root         399 Oct 16  2014 nvidia-updater.conf
drwxr-xr-x  2 root root        4096 Jan 25 09:01 nvidia-updater-post-update.d
drwxr-xr-x  2 root root        4096 Jan 25 09:01 nvidia-updater-pre-update.d
drwxr-xr-x  2 root root        4096 Jun 15  2015 obex-data-server
drwxr-xr-x  2 root root        4096 Dec 11  2013 ODBCDataSources
-rw-r--r--  1 root root           0 Dec 11  2013 odbc.ini
-rw-r--r--  1 root root           0 Jun 19  2015 odbcinst.ini
drwxr-xr-x  3 root root        4096 Jun 15  2015 OpenCL
drwxr-xr-x  3 root root        4096 Jun 15  2015 opt
-rw-r--r--  1 root root         249 Feb 16 08:43 os-release
-rw-r--r--  1 root root         552 Jan 31  2014 pam.conf
drwxr-xr-x  2 root root        4096 Mar 16 15:02 pam.d
-rw-r--r--  1 root root           7 Jun 15  2015 papersize
-rw-r--r--  1 root root        2295 Oct 27 21:40 passwd
-rw-------  1 root root        2344 Jul 27  2015 passwd-
-rw-r--r--  1 root root    27556693 Mar 18 16:52 passwd.cache
-rw-r--r--  1 root root    20489225 Mar 18 16:52 passwd.cache.ixname
-rw-r--r--  1 root root     5903675 Mar 18 16:52 passwd.cache.ixuid
drwxr-xr-x  2 root root        4096 Jun 15  2015 pbuilder
-rw-r--r--  1 root root         310 Jun  1  2015 pbuilderrc
drwxr-xr-x  2 root root        4096 Jun 15  2015 pcmcia
drwxr-xr-x  4 root root        4096 Jun 15  2015 perl
drwxr-xr-x  2 root root        4096 Jun 15  2015 pki
drwxr-xr-x  5 root root        4096 Jun 15  2015 pm
-rw-r--r--  1 root root        7649 Jun  1  2015 pnm2ppa.conf
drwxr-xr-x  5 root root        4096 Jun 15  2015 polkit-1
-rw-r--r--  1 root root         350 Jun  1  2015 popularity-contest.conf
drwxr-xr-x  8 root root        4096 Jun 15  2015 ppp
-rw-r--r--  1 root root           3 Jun 15  2015 prime-discrete
lrwxrwxrwx  1 root root          22 Jan 11 08:11 printcap -> /var/run/cups/printcap
-rw-r--r--  1 root root         861 Jun  1  2015 profile
drwxr-xr-x  2 root root        4096 Nov 11 10:24 profile.d
-rw-r--r--  1 root root        2932 Dec 30  2013 protocols
drwxr-xr-x  2 root root        4096 Jun 15  2015 pulse
drwxr-xr-x  7 root root        4096 Dec 14 10:38 puppet
drwxr-xr-x  2 root root        4096 Jun 15  2015 python
drwxr-xr-x  2 root root        4096 Jul  1  2015 python2.7
drwxr-xr-x  2 root root        4096 Jun 15  2015 python3
drwxr-xr-x  2 root root        4096 Nov  2 10:17 python3.4
-rw-r--r--  1 root root         220 Dec 27  2012 quotagrpadmins
-rw-r--r--  1 root root         526 Dec 27  2012 quotatab
drwxr-xr-x  2 root root        4096 Mar 17 10:02 rc0.d
drwxr-xr-x  2 root root        4096 Mar 17 10:02 rc1.d
drwxr-xr-x  2 root root        4096 Mar 17 10:02 rc2.d
drwxr-xr-x  2 root root        4096 Mar 17 10:02 rc3.d
drwxr-xr-x  2 root root        4096 Mar 17 10:02 rc4.d
drwxr-xr-x  2 root root        4096 Mar 17 10:02 rc5.d
drwxr-xr-x  2 root root        4096 Mar 17 10:02 rc6.d
-rwxr-xr-x  1 root root         306 Jun  1  2015 rc.local
drwxr-xr-x  2 root root        4096 Feb 29 04:25 rcS.d
-rw-r--r--  1 root root        1889 Oct 21  2013 request-key.conf
drwxr-xr-x  2 root root        4096 Dec  7 05:11 request-key.d
drwxr-xr-x  5 root root        4096 Jun 15  2015 resolvconf
lrwxrwxrwx  1 root root          29 Jun 15  2015 resolv.conf -> ../run/resolvconf/resolv.conf
-rwxr-xr-x  1 root root         268 Feb  4  2014 rmt
-rw-r--r--  1 root root         887 Dec 30  2013 rpc
-rw-r--r--  1 root root         516 Sep 14  2015 rsyslog.conf
drwxr-xr-x  2 root root        4096 Oct 27 21:40 rsyslog.d
drwxr-xr-x  3 root root        4096 Feb 29 04:26 samba
drwxr-xr-x  3 root root        4096 Jun 15  2015 sane.d
-rw-r--r--  1 root root        3663 Jul 26  2014 screenrc
-rw-r--r--  1 root root        4038 Feb 16  2014 securetty
drwxr-xr-x  4 root root        4096 Feb  8 21:09 security
drwxr-xr-x  2 root root        4096 Jun 15  2015 selinux
-rw-r--r--  1 root root       10344 Jan 15  2014 sensors3.conf
drwxr-xr-x  2 root root        4096 Jun 15  2015 sensors.d
-rw-r--r--  1 root root       19558 Dec 30  2013 services
drwxr-xr-x  3 root root        4096 Jun 19  2015 sgml
-rw-r-----  1 root shadow      1198 Oct 27 21:40 shadow
-rw-------  1 root root        1227 Jul 27  2015 shadow-
-rw-r-----  1 root shadow   6239672 Mar 18 16:52 shadow.cache
-rw-r-----  1 root shadow  20141950 Mar 18 16:52 shadow.cache.ixname
-rw-r--r--  1 root root         183 Feb  5 15:29 shells
-rw-r--r--  1 root root        1803 Mar  7  2014 signond.conf
drwxr-xr-x  3 root root        4096 Jun 15  2015 signon-ui
drwxr-xr-x  2 root root        4096 Mar 18 14:08 skel
-rw-r--r--  1 root root         369 Jun  1  2015 slack.conf
-rw-r--r--  1 root root        7096 Feb 28  2014 smartd.conf
-rwxr-xr-x  1 root root        5753 Feb 28  2014 smartd_warning.sh
drwxr-xr-x  3 root root        4096 Jun 15  2015 smartmontools
-rw-r--r--  1 root root        1132 Oct 27  2013 smi.conf
drwxr-xr-x  3 root root        4096 Jun 15  2015 sound
drwxr-xr-x  4 root root        4096 Jun 15  2015 speech-dispatcher
drwxr-xr-x  3 root root        4096 Mar 14 04:42 ssh
drwxr-xr-x  4 root root        4096 Mar 14 02:18 ssl
drwxr-xr-x  4 root root        4096 Jun 15  2015 sso-hooks.d
-rw-r--r--  1 root root          94 Sep 24 01:37 subgid
-rw-------  1 root root          74 Jul 10  2015 subgid-
-rw-r--r--  1 root root          94 Sep 24 01:37 subuid
-rw-------  1 root root          74 Jul 10  2015 subuid-
drwxr-xr-x  2 root root        4096 Sep  1  2015 subversion
-r--r-----  1 root root        2197 Feb  8 21:09 sudoers
drwxr-x---  2 root root        4096 Mar 17 10:47 sudoers_app.d
-r--r-----  1 root root         263 Jun  1  2015 sudoers.cmd_policy.include
drwxr-xr-x  2 root root        4096 Sep 20 23:06 sudoers.d
-rw-r--r--  1 root root        2084 Mar 31  2013 sysctl.conf
drwxr-xr-x  2 root root        4096 Jun 19  2015 sysctl.d
drwxr-xr-x  2 root root        4096 Jun 15  2015 sysstat
drwxr-xr-x  3 root root        4096 Feb 22 06:02 systemd
drwxr-xr-x  2 root root        4096 Jun 15  2015 terminfo
drwxr-xr-x 10 root root        4096 Jun 15  2015 texmf
drwxr-xr-x  2 root root        4096 Jan 19 05:22 thunderbird
-rw-r--r--  1 root root         165 Dec 15  2013 tidy.conf
drwxr-xr-x  2 root root        4096 Feb 23 14:46 tidylogs.d
-rw-r--r--  1 root root          20 Nov  2 10:18 timezone
drwxr-xr-x  2 root root        4096 Aug  9  2014 tmpfiles.d
-rw-r--r--  1 root root        2032 Jul  6  2015 tmpreaper.conf
-rw-r--r--  1 root root         645 Jan 20  2014 ts.conf
-rw-r--r--  1 root root        1260 Jun 30  2013 ucf.conf
drwxr-xr-x  4 root root        4096 Feb 22 05:58 udev
drwxr-xr-x  2 root root        4096 Mar 10  2014 udisks2
drwxr-xr-x  3 root root        4096 Jun 15  2015 ufw
-rw-r--r--  1 root root         514 Jul 16  2015 updatedb.conf
-rw-r--r--  1 root root         514 Jul 16  2015 updatedb.findutils.cron.local
drwxr-xr-x  3 root root        4096 Oct 19 07:34 update-manager
drwxr-xr-x  2 root root        4096 Feb 29 04:21 update-motd.d
drwxr-xr-x  2 root root        4096 Jun 15  2015 update-notifier
drwxr-xr-x  3 root root        4096 Mar 14 04:44 uplink
drwxr-xr-x  2 root root        4096 Jun 15  2015 UPower
-rw-r--r--  1 root root         222 Apr 11  2014 upstart-xsessions
-rw-r--r--  1 root daemon      1655 Jan 30  2014 uptimed.conf
-rw-r--r--  1 root root         888 Apr  8  2014 usb_modeswitch.conf
drwxr-xr-x  2 root root        4096 Apr  8  2014 usb_modeswitch.d
-rw-r--r--  1 root root          51 Aug 15  2013 vdpau_wrapper.cfg
drwxr-xr-x  2 root root        4096 Dec  7 05:11 vim
lrwxrwxrwx  1 root root          23 Jun 15  2015 vtrgb -> /etc/alternatives/vtrgb
-rw-r--r--  1 root root         314 Dec 27  2012 warnquota.conf
-rw-r--r--  1 root root        4812 Feb  7  2014 wgetrc
drwxr-xr-x  2 root root        4096 Aug 27  2015 wireshark
-rw-r--r--  1 root root        1343 Jan  9  2007 wodim.conf
drwxr-xr-x  2 root root        4096 Nov 24 03:28 wpa_supplicant
drwxr-xr-x 12 root root        4096 Mar  4 16:17 X11
drwxr-xr-x  8 root root        4096 Mar 11 09:11 xdg
drwxr-xr-x  2 root root        4096 Mar 11 09:11 xfce4
drwxr-xr-x  2 root root        4096 Jun 15  2015 xinetd.d
drwxr-xr-x  2 root root        4096 Jun 19  2015 xml
drwxr-xr-x  2 root root        4096 Aug 11  2015 xul-ext
drwxr-xr-x  2 root root        4096 Oct 14 02:34 zsh
-rw-r--r--  1 root root         349 Jun 26  2012 zsh_command_not_found
^_^ (0s) [2016/03/18-17:02:54]
