[[0;42mzenlog[0m][[44momakoto2[0m] [44m/etc[0m [] 
[(not in a repo) () [0;31m*** run a-envsetup and lunch ***[m {}[0m][0m
$ ls -l
]0;* ls -l[1;32m[2016/03/18-17:02:54] start: [0m
COMMAND:
[1;36mls -l
OUTPUT:[0m
total 139488
drwxr-xr-x  3 root root        4096 Jun 15  2015 [0m[01;34macpi[0m
-rw-r--r--  1 root root        2981 Jun  1  2015 adduser.conf
-rw-r--r--  1 root root          51 Jun  1  2015 aliases
-rw-r--r--  1 root root       12288 Jun  1  2015 aliases.db
drwxr-xr-x  2 root root       16384 Mar 11 09:11 [01;34malternatives[0m
-rw-r--r--  1 root root         401 Feb 19  2014 anacrontab
-rw-r--r--  1 root root         112 Jan 10  2014 apg.conf
drwxr-xr-x  6 root root        4096 Jun 15  2015 [01;34mapm[0m
drwxr-xr-x  3 root root        4096 Aug 24  2015 [01;34mapparmor[0m
drwxr-xr-x  8 root root        4096 Mar 16 02:02 [01;34mapparmor.d[0m
drwxr-xr-x  4 root root        4096 Dec  7 10:45 [01;34mapport[0m
drwxr-xr-x  6 root root        4096 Jun 19  2015 [01;34mapt[0m
-rw-r-----  1 root daemon       144 Oct 21  2013 at.deny
drwxr-xr-x  2 root root        4096 Jun 15  2015 [01;34mat-spi2[0m
drwxr-x---  3 root root        4096 Jun 15  2015 [01;34maudisp[0m
drwxr-x---  3 root root        4096 Sep 14  2015 [01;34maudit[0m
-rw-r--r--  1 root root      555570 Mar 15 16:11 auto.auto
-rw-r--r--  1 root root        1005 Mar 15 16:11 auto.auto.local
-rw-r--r--  1 root root       84286 Mar 18 10:53 auto.home
-rw-r--r--  1 root root         101 Mar 18 10:53 auto.home.local
-rw-r--r--  1 root root         770 Jun 19  2015 auto.master
-rw-r--r--  1 root root         524 Jun  4  2014 auto.misc
-rwxr-xr-x  1 root root        1397 Jun  4  2014 [01;32mauto.net[0m
-rwxr-xr-x  1 root root         687 Jun  4  2014 [01;32mauto.smb[0m
drwxr-xr-x  3 root root        4096 Jun 15  2015 [01;34mavahi[0m
-rw-r--r--  1 root root        3251 Nov  2 10:15 bash.bashrc
-rw-r--r--  1 root root          45 Mar 22  2014 bash_completion
drwxr-xr-x  2 root root        4096 Mar 17 16:02 [01;34mbash_completion.d[0m
-rw-r--r--  1 root root         356 Jan  1  2012 bindresvport.blacklist
-rw-r--r--  1 root root         321 Apr 16  2014 blkid.conf
lrwxrwxrwx  1 root root          15 Sep  2  2015 [01;36mblkid.tab[0m -> /dev/.blkid.tab
drwxr-xr-x  2 root root        4096 Jun 15  2015 [01;34mbluetooth[0m
drwxr-xr-x  2 root root        4096 Jun 15  2015 [01;34mbonobo-activation[0m
-rw-r--r--  1 root root          33 Jun  1  2015 brlapi.key
drwxr-xr-x  2 root root       12288 Jun 15  2015 [01;34mbrltty[0m
-rw-r--r--  1 root root       22478 Mar 31  2014 brltty.conf
drwxr-xr-x  3 root root        4096 Jun 15  2015 [01;34mca-certificates[0m
-rw-r--r--  1 root root        9543 Mar 14 02:18 ca-certificates.conf
-rw-r--r--  1 root root        8647 Feb 29 04:25 ca-certificates.conf.dpkg-old
drwxr-xr-x  2 root root        4096 Jun 15  2015 [01;34mcalendar[0m
drwxr-s---  2 root dip         4096 Jun 15  2015 [01;34mchatscripts[0m
-rw-r--r--  1 root root         549 Oct 19 15:05 chrome-remote-desktop-session
-rw-r--r--  1 root root        1332 Jan 16  2014 colord.conf
drwxr-xr-x  2 root root        4096 Jul 27  2015 [01;34mcompizconfig[0m
-rw-r--r--  1 root root       56531 Jun 22  2012 complete.tcsh
drwxr-xr-x  3 root root        4096 Dec  2 05:41 [01;34mconnectd[0m
drwxr-xr-x  5 root root        4096 Jun 15  2015 [01;34mConsoleKit[0m
drwxr-xr-x  2 root root        4096 Jun 15  2015 [01;34mconsole-setup[0m
-r--------  1 root root        6287 Dec 31  1999 cookie-monster.rc
-rw-r--r--  1 root root        4169 Jan 25  2014 cowpoke.conf
drwxr-xr-x  2 root root        4096 Jun 15  2015 [01;34mcracklib[0m
-rw-r--r--  1 root root         598 Jan 19 08:03 credkit.conf
drwxr-xr-x  2 root root        4096 Mar 14 02:19 [01;34mcron.d[0m
drwxr-xr-x  2 root root        4096 Mar 16 15:02 [01;34mcron.daily[0m
drwxr-xr-x  2 root root        4096 Jun 15  2015 [01;34mcron.hourly[0m
drwxr-xr-x  2 root root        4096 Jun 15  2015 [01;34mcron.monthly[0m
-rw-r--r--  1 root root         722 Feb  8  2013 crontab
drwxr-xr-x  2 root root        4096 Sep 24 01:36 [01;34mcron.weekly[0m
-rw-r--r--  1 root root          71 Jun 15  2015 crypttab
drwxr-xr-x  3 root root        4096 Jun 15  2015 [01;34mcsh[0m
-rw-r--r--  1 root root         530 Oct 14 02:34 csh.cshrc
-rw-r--r--  1 root root         361 Sep 14  2015 csh.login
-rw-r--r--  1 root root          67 Jun 22  2012 csh.logout
drwxr-xr-x  5 root lp          4096 Jan 11 08:11 [01;34mcups[0m
drwxr-xr-x  2 root root        4096 Jun 15  2015 [01;34mcupshelpers[0m
drwxr-xr-x  4 root root        4096 Jun 15  2015 [01;34mdbus-1[0m
drwxr-xr-x  4 root root        4096 Jun 15  2015 [01;34mdconf[0m
-rw-r--r--  1 root root        2969 Feb 23  2014 debconf.conf
-rw-r--r--  1 root root          11 Feb 19  2014 debian_version
-rw-r--r--  1 root root           0 Aug  7  2013 debsums-ignore
drwxr-xr-x  3 root root        4096 Mar 17 10:47 [01;34mdefault[0m
-rw-r--r--  1 root root         604 Nov  7  2013 deluser.conf
drwxr-xr-x  2 root root        4096 Jun 15  2015 [01;34mdepmod.d[0m
-rw-r--r--  1 root root       17986 Jun  1  2015 devscripts.conf
drwxr-xr-x  4 root root        4096 Jan 25 09:03 [01;34mdhcp[0m
drwxr-xr-x  2 root root        4096 Jun 15  2015 [01;34mdictd[0m
drwxr-xr-x  2 root root        4096 Jun 15  2015 [01;34mdictionaries-common[0m
drwxr-xr-x  2 root root        4096 Jun 15  2015 [01;34mdiscover.conf.d[0m
-rw-r--r--  1 root root         346 Dec 29  2013 discover-modprobe.conf
drwxr-xr-x  3 root root        4096 Oct 13 13:24 [01;34mdkms[0m
drwxr-xr-x  2 root root        4096 Dec 14 10:41 [01;34mdnsmasq.d[0m
drwxr-xr-x  3 root root        4096 Jun 15  2015 [01;34mdoc-base[0m
drwxr-xr-x  4 root root        4096 Dec  7 05:11 [01;34mdpkg[0m
-rw-r--r--  1 root root        2904 Jul 15  2014 dput.cf
-rw-r--r--  1 root root        3095 Mar 11  2015 drirc
drwxr-xr-x  3 root root        4096 Jun 15  2015 [01;34mdropbear[0m
drwxr-xr-x  3 root root        4096 Jun 15  2015 [01;34memacs[0m
drwxr-xr-x  3 root root        4096 Jun 15  2015 [01;34memacs24[0m
-rw-r--r--  1 root root         331 Jun  1  2015 environment
drwxr-xr-x  2 root root        4096 Jun 15  2015 [01;34mfakechroot[0m
drwxr-xr-x  3 root root        4096 Feb 22 06:06 [01;34mfirefox[0m
drwxr-xr-x  3 root root        4096 Jun 15  2015 [01;34mfirefox-3.0[0m
drwxr-xr-x  2 root root        4096 Jun 15  2015 [01;34mfish[0m
drwxr-xr-x  4 root root        4096 Jun 15  2015 [01;34mfonts[0m
-rw-r--r--  1 root root        1480 Sep  1  2015 fstab
drwxr-xr-x  2 root root        4096 Apr 16  2014 [01;34mfstab.d[0m
-rw-r--r--  1 root root         133 Jun  1  2015 fuse.conf
-rw-------  1 root root        1016 Jun 15  2015 gagent.local.yaml
-rw-r--r--  1 root root        2584 Oct 10  2012 gai.conf
drwxr-xr-x  5 root root        4096 Jun 15  2015 [01;34mgconf[0m
drwxr-xr-x  4 root root        4096 Jun 15  2015 [01;34mghostscript[0m
drwxr-xr-x  3 root root        4096 Jun 23  2015 [01;34mgimp[0m
drwxr-xr-x  2 root root        4096 Jun 15  2015 [01;34mgnome[0m
drwxr-xr-x  2 root root        4096 Jun 15  2015 [01;34mgnome-app-install[0m
drwxr-xr-x  3 root root        4096 Jun 15  2015 [01;34mgnome-settings-daemon[0m
drwxr-xr-x  3 root root        4096 Jun 15  2015 [01;34mgnome-vfs-2.0[0m
drwxr-xr-x  3 root root        4096 Jun 19  2015 [01;34mgoobuntu[0m
drwxr-xr-x  2 root root        4096 Mar 17 10:47 [01;34mgoogle[0m
drwxr-xr-x  4 root root        4096 Mar 14 02:18 [01;34mgooglekeys[0m
drwxr-xr-x  2 root root        4096 Feb  8 21:09 [01;34mgooglenetworkaccess.d[0m
drwxr-xr-x  2 root root        4096 Jun 15  2015 [01;34mgroff[0m
-rw-r--r--  1 root root        1031 Jan 26 17:35 group
-rw-------  1 root root        1024 Jan 26 17:35 group-
-rw-r--r--  1 root root    25850430 Mar 18 16:58 group.cache
-rw-r--r--  1 root root      214944 Mar 18 16:58 group.cache.ixgid
-rw-r--r--  1 root root      846342 Mar 18 16:58 group.cache.ixname
drwxr-xr-x  2 root root        4096 Jan 19 05:22 [01;34mgrub.d[0m
-rw-r-----  1 root shadow       858 Jan 26 17:35 gshadow
-rw-------  1 root root         851 Jan 26 17:35 gshadow-
-rw-r--r--  1 root root         834 Dec 18  2013 gssapi_mech.conf
drwxr-xr-x  2 root root        4096 Feb 29 04:26 [01;34mgtk-2.0[0m
drwxr-xr-x  2 root root        4096 Aug  6  2015 [01;34mgtk-3.0[0m
-rw-r--r--  1 root root        4781 Nov 15  2013 hdparm.conf
-rw-r--r--  1 root root          92 Feb 19  2014 host.conf
-rw-r--r--  1 root root          29 Jun 19  2015 hostname
-rw-r--r--  1 root root         385 Jun 19  2015 hosts
-rw-r--r--  1 root root         411 Jun  1  2015 hosts.allow
-rw-r--r--  1 root root         711 Jun  1  2015 hosts.deny
drwxr-xr-x  2 root root        4096 Aug  6  2015 [01;34mhp[0m
-rw-r--r--  1 root root         206 Oct 10  2012 idmapd.conf
drwxr-xr-x  3 root root        4096 Jun 15  2015 [01;34mifplugd[0m
drwxr-xr-x  2 root root        4096 Jun 15  2015 [01;34mImageMagick[0m
-rw-r-----  1 root root         818 Mar 14 04:43 ima-policy
drwxr-xr-x  2 root root        4096 Feb 18 13:40 [01;34minept[0m
drwxr-xr-x  2 root root       12288 Mar 17 18:04 [01;34minit[0m
drwxr-xr-x  2 root root        4096 Mar 17 14:02 [01;34minit.d[0m
drwxr-xr-x  3 root root        4096 Jun 15  2015 [01;34minitramfs[0m
drwxr-xr-x  7 root root        4096 Jun 15  2015 [01;34minitramfs-tools[0m
-rw-r--r--  1 root root        1780 Jun  1  2015 inputrc
drwxr-xr-x  3 root root        4096 Jun 15  2015 [01;34minsserv[0m
-rw-r--r--  1 root root         771 May 18  2013 insserv.conf
drwxr-xr-x  2 root root        4096 Oct 27 21:40 [01;34minsserv.conf.d[0m
drwxr-xr-x  2 root root        4096 Aug  6  2015 [01;34miproute2[0m
-r--r--r--  1 root root        7306 Jun  1  2015 irssi.conf
drwxr-xr-x  2 root root        4096 Jun 15  2015 [01;34miscsi[0m
-rw-r--r--  1 root root          26 Feb 16 08:43 issue
-rw-r--r--  1 root root          19 Feb 16 08:43 issue.net
drwxr-xr-x  5 root root        4096 Feb  1 19:17 [01;34mjava-7-openjdk[0m
drwxr-xr-x  5 root root        4096 Dec 14 11:27 [01;34mjava-8-openjdk[0m
drwxr-xr-x  2 root root        4096 Jun 15  2015 [01;34mkbd[0m
drwxr-xr-x  2 root root        4096 Sep 14  2015 [01;34mkde4[0m
drwxr-xr-x  7 root root        4096 Jun 15  2015 [01;34mkernel[0m
-rw-------  1 root root          38 Jun 15  2015 kernel-img.conf
-rw-r--r--  1 root root         568 Jul  1  2015 kernel-pruner.conf
-rw-r--r--  1 root root        1022 Sep  1  2015 krb5.conf
-rw-------  1 root root         653 Jun 19  2015 krb5.keytab
drwxr-xr-x  2 root root        4096 Aug 24  2015 [01;34mlandscape[0m
-rw-r--r--  1 root root       39576 Jun 25  2013 latex2html.conf
drwxr-xr-x  3 root root        4096 Sep 24 01:37 [01;34mldap[0m
-rw-r--r--  1 root root         523 Jun 15  2015 ldap.conf
-rw-r--r--  1 root root      139780 Mar 14 04:43 ld.so.cache
-rw-r--r--  1 root root          34 Jun  1  2015 ld.so.conf
drwxr-xr-x  2 root root        4096 Feb 29 04:26 [01;34mld.so.conf.d[0m
-rw-r--r--  1 root root         191 Dec  4  2013 libaudit.conf
drwxr-xr-x  2 root root        4096 Jun 15  2015 [01;34mlibnl-3[0m
drwxr-xr-x  2 root root        4096 Jun 19  2015 [01;34mlibpam-policycache.d[0m
drwxr-xr-x  2 root root        4096 Jun 15  2015 [01;34mlibpaper.d[0m
drwxr-xr-x  2 root root        4096 Feb 29 04:26 [01;34mlibreoffice[0m
drwxr-xr-x  5 root root        4096 Dec 17 04:30 [01;34mlightdm[0m
-rw-r--r--  1 root root        1291 Mar 29  2014 lintianrc
drwxr-xr-x  2 root root        4096 Jun 15  2015 [01;34mlocalbabysitter.d[0m
-rw-r--r--  1 root root        2570 Aug  5  2010 locale.alias
-rw-r--r--  1 root root        2819 Nov  2 10:18 localtime
drwxr-xr-x  4 root root        4096 Jun 15  2015 [01;34mlogcheck[0m
-rw-r--r--  1 root root       10551 Feb 16  2014 login.defs
-rw-r--r--  1 root root         703 Jan 22  2014 logrotate.conf
drwxr-xr-x  2 root root        4096 Mar 16 15:02 [01;34mlogrotate.d[0m
drwxr-xr-x  2 root root        4096 Jan 27 12:51 [01;34mlogs_exporter[0m
-rw-r--r--  1 root root         325 Mar 14 04:43 lsb-release
-rw-r--r--  1 root root         105 Feb 16 08:29 lsb-release.dpkg-dist
-rw-r--r--  1 root root       14867 May  9  2014 ltrace.conf
drwxr-xr-x  4 root root        4096 Jun 19  2015 [01;34mlvm[0m
-rw-r--r--  1 root root         111 Jan 27  2015 magic
-rw-r--r--  1 root root         111 Jan 27  2015 magic.mime
-rw-r--r--  1 root root       53038 Mar 16 11:47 mailcap
-rw-r--r--  1 root root         449 Jan  6  2015 mailcap.order
-rw-r--r--  1 root root          11 Jun 15  2015 mailname
-rw-r--r--  1 root root         125 Jan  5  2015 mail.rc
-rw-r--r--  1 root root        5173 Apr 10  2014 manpath.config
drwxr-xr-x  2 root root        4096 Jun 15  2015 [01;34mmcelog[0m
drwxr-xr-x  3 root root        4096 Jul  1  2015 [01;34mmercurial[0m
-rw-r--r--  1 root root       23922 Jan  6  2015 mime.types
-rw-r--r--  1 root root         956 Feb 19  2014 mke2fs.conf
drwxr-xr-x  2 root root        4096 Mar 17 21:18 [01;34mmnp_iptables[0m
drwxr-xr-x  2 root root        4096 Feb 24 09:47 [01;34mmodprobe.d[0m
-rw-r--r--  1 root root         270 Jun 15  2015 modules
drwxr-xr-x  2 root root        4096 Jan 11 08:11 [01;34mmodules-load.d[0m
-rw-r--r--  1 root root        1929 Mar 17 18:06 mtab
-rw-------  1 root root           0 Nov 24 13:29 mtab~.27203
-rw-------  1 root nogroup        0 Nov 24 13:29 mtab~.27228
-rw-------  1 root eng            0 Nov 24 13:29 mtab~.27250
-rw-------  1 root lightdm        0 Jun  1  2015 mtab.fuselock
-rw-r--r--  1 root root         624 Aug  8  2007 mtools.conf
drwxr-xr-x  3 root root        4096 Feb  1 15:00 [01;34mmysql[0m
-rw-r--r--  1 root root        8453 Oct  1  2012 nanorc
-rw-r--r--  1 root root         767 May  2  2011 netconfig
-rw-r--r--  1 root root          95 Jun 19  2015 netgroup
-rw-r--r--  1 root root        2064 Nov 23  2006 netscsid.conf
drwxr-xr-x  7 root root        4096 Jun 15  2015 [01;34mnetwork[0m
drwxr-xr-x  6 root root        4096 Dec 14 10:41 [01;34mNetworkManager[0m
-rw-r--r--  1 root root          91 Feb 19  2014 networks
drwxr-xr-x  2 root root        4096 Jun 15  2015 [01;34mnewt[0m
drwxr-xr-x  2 root root        4096 Mar  1 16:21 [01;34mnsscacheclient[0m
-rw-------  1 root root    19144704 Oct  8 11:03 nsscacheclient-candidate.193380520
-rw-------  1 root root    13930496 Mar 11 09:12 nsscacheclient-candidate.283649693
-rw-r--r--  1 root root        3451 Oct  5  2013 nsscache.conf
-rw-r--r--  1 root root        4890 Mar  1 12:09 nssecurity.ini
-rw-r--r--  1 root root         396 Jun 15  2015 nsswitch.conf
-rw-r--r--  1 root root         761 Dec  7 10:45 ntp.conf
-rw-r--r--  1 root root         399 Oct 16  2014 nvidia-updater.conf
drwxr-xr-x  2 root root        4096 Jan 25 09:01 [01;34mnvidia-updater-post-update.d[0m
drwxr-xr-x  2 root root        4096 Jan 25 09:01 [01;34mnvidia-updater-pre-update.d[0m
drwxr-xr-x  2 root root        4096 Jun 15  2015 [01;34mobex-data-server[0m
drwxr-xr-x  2 root root        4096 Dec 11  2013 [01;34mODBCDataSources[0m
-rw-r--r--  1 root root           0 Dec 11  2013 odbc.ini
-rw-r--r--  1 root root           0 Jun 19  2015 odbcinst.ini
drwxr-xr-x  3 root root        4096 Jun 15  2015 [01;34mOpenCL[0m
drwxr-xr-x  3 root root        4096 Jun 15  2015 [01;34mopt[0m
-rw-r--r--  1 root root         249 Feb 16 08:43 os-release
-rw-r--r--  1 root root         552 Jan 31  2014 pam.conf
drwxr-xr-x  2 root root        4096 Mar 16 15:02 [01;34mpam.d[0m
-rw-r--r--  1 root root           7 Jun 15  2015 papersize
-rw-r--r--  1 root root        2295 Oct 27 21:40 passwd
-rw-------  1 root root        2344 Jul 27  2015 passwd-
-rw-r--r--  1 root root    27556693 Mar 18 16:52 passwd.cache
-rw-r--r--  1 root root    20489225 Mar 18 16:52 passwd.cache.ixname
-rw-r--r--  1 root root     5903675 Mar 18 16:52 passwd.cache.ixuid
drwxr-xr-x  2 root root        4096 Jun 15  2015 [01;34mpbuilder[0m
-rw-r--r--  1 root root         310 Jun  1  2015 pbuilderrc
drwxr-xr-x  2 root root        4096 Jun 15  2015 [01;34mpcmcia[0m
drwxr-xr-x  4 root root        4096 Jun 15  2015 [01;34mperl[0m
drwxr-xr-x  2 root root        4096 Jun 15  2015 [01;34mpki[0m
drwxr-xr-x  5 root root        4096 Jun 15  2015 [01;34mpm[0m
-rw-r--r--  1 root root        7649 Jun  1  2015 pnm2ppa.conf
drwxr-xr-x  5 root root        4096 Jun 15  2015 [01;34mpolkit-1[0m
-rw-r--r--  1 root root         350 Jun  1  2015 popularity-contest.conf
drwxr-xr-x  8 root root        4096 Jun 15  2015 [01;34mppp[0m
-rw-r--r--  1 root root           3 Jun 15  2015 prime-discrete
lrwxrwxrwx  1 root root          22 Jan 11 08:11 [01;36mprintcap[0m -> /var/run/cups/printcap
-rw-r--r--  1 root root         861 Jun  1  2015 profile
drwxr-xr-x  2 root root        4096 Nov 11 10:24 [01;34mprofile.d[0m
-rw-r--r--  1 root root        2932 Dec 30  2013 protocols
drwxr-xr-x  2 root root        4096 Jun 15  2015 [01;34mpulse[0m
drwxr-xr-x  7 root root        4096 Dec 14 10:38 [01;34mpuppet[0m
drwxr-xr-x  2 root root        4096 Jun 15  2015 [01;34mpython[0m
drwxr-xr-x  2 root root        4096 Jul  1  2015 [01;34mpython2.7[0m
drwxr-xr-x  2 root root        4096 Jun 15  2015 [01;34mpython3[0m
drwxr-xr-x  2 root root        4096 Nov  2 10:17 [01;34mpython3.4[0m
-rw-r--r--  1 root root         220 Dec 27  2012 quotagrpadmins
-rw-r--r--  1 root root         526 Dec 27  2012 quotatab
drwxr-xr-x  2 root root        4096 Mar 17 10:02 [01;34mrc0.d[0m
drwxr-xr-x  2 root root        4096 Mar 17 10:02 [01;34mrc1.d[0m
drwxr-xr-x  2 root root        4096 Mar 17 10:02 [01;34mrc2.d[0m
drwxr-xr-x  2 root root        4096 Mar 17 10:02 [01;34mrc3.d[0m
drwxr-xr-x  2 root root        4096 Mar 17 10:02 [01;34mrc4.d[0m
drwxr-xr-x  2 root root        4096 Mar 17 10:02 [01;34mrc5.d[0m
drwxr-xr-x  2 root root        4096 Mar 17 10:02 [01;34mrc6.d[0m
-rwxr-xr-x  1 root root         306 Jun  1  2015 [01;32mrc.local[0m
drwxr-xr-x  2 root root        4096 Feb 29 04:25 [01;34mrcS.d[0m
-rw-r--r--  1 root root        1889 Oct 21  2013 request-key.conf
drwxr-xr-x  2 root root        4096 Dec  7 05:11 [01;34mrequest-key.d[0m
drwxr-xr-x  5 root root        4096 Jun 15  2015 [01;34mresolvconf[0m
lrwxrwxrwx  1 root root          29 Jun 15  2015 [01;36mresolv.conf[0m -> ../run/resolvconf/resolv.conf
-rwxr-xr-x  1 root root         268 Feb  4  2014 [01;32mrmt[0m
-rw-r--r--  1 root root         887 Dec 30  2013 rpc
-rw-r--r--  1 root root         516 Sep 14  2015 rsyslog.conf
drwxr-xr-x  2 root root        4096 Oct 27 21:40 [01;34mrsyslog.d[0m
drwxr-xr-x  3 root root        4096 Feb 29 04:26 [01;34msamba[0m
drwxr-xr-x  3 root root        4096 Jun 15  2015 [01;34msane.d[0m
-rw-r--r--  1 root root        3663 Jul 26  2014 screenrc
-rw-r--r--  1 root root        4038 Feb 16  2014 securetty
drwxr-xr-x  4 root root        4096 Feb  8 21:09 [01;34msecurity[0m
drwxr-xr-x  2 root root        4096 Jun 15  2015 [01;34mselinux[0m
-rw-r--r--  1 root root       10344 Jan 15  2014 sensors3.conf
drwxr-xr-x  2 root root        4096 Jun 15  2015 [01;34msensors.d[0m
-rw-r--r--  1 root root       19558 Dec 30  2013 services
drwxr-xr-x  3 root root        4096 Jun 19  2015 [01;34msgml[0m
-rw-r-----  1 root shadow      1198 Oct 27 21:40 shadow
-rw-------  1 root root        1227 Jul 27  2015 shadow-
-rw-r-----  1 root shadow   6239672 Mar 18 16:52 shadow.cache
-rw-r-----  1 root shadow  20141950 Mar 18 16:52 shadow.cache.ixname
-rw-r--r--  1 root root         183 Feb  5 15:29 shells
-rw-r--r--  1 root root        1803 Mar  7  2014 signond.conf
drwxr-xr-x  3 root root        4096 Jun 15  2015 [01;34msignon-ui[0m
drwxr-xr-x  2 root root        4096 Mar 18 14:08 [01;34mskel[0m
-rw-r--r--  1 root root         369 Jun  1  2015 slack.conf
-rw-r--r--  1 root root        7096 Feb 28  2014 smartd.conf
-rwxr-xr-x  1 root root        5753 Feb 28  2014 [01;32msmartd_warning.sh[0m
drwxr-xr-x  3 root root        4096 Jun 15  2015 [01;34msmartmontools[0m
-rw-r--r--  1 root root        1132 Oct 27  2013 smi.conf
drwxr-xr-x  3 root root        4096 Jun 15  2015 [01;34msound[0m
drwxr-xr-x  4 root root        4096 Jun 15  2015 [01;34mspeech-dispatcher[0m
drwxr-xr-x  3 root root        4096 Mar 14 04:42 [01;34mssh[0m
drwxr-xr-x  4 root root        4096 Mar 14 02:18 [01;34mssl[0m
drwxr-xr-x  4 root root        4096 Jun 15  2015 [01;34msso-hooks.d[0m
-rw-r--r--  1 root root          94 Sep 24 01:37 subgid
-rw-------  1 root root          74 Jul 10  2015 subgid-
-rw-r--r--  1 root root          94 Sep 24 01:37 subuid
-rw-------  1 root root          74 Jul 10  2015 subuid-
drwxr-xr-x  2 root root        4096 Sep  1  2015 [01;34msubversion[0m
-r--r-----  1 root root        2197 Feb  8 21:09 sudoers
drwxr-x---  2 root root        4096 Mar 17 10:47 [01;34msudoers_app.d[0m
-r--r-----  1 root root         263 Jun  1  2015 sudoers.cmd_policy.include
drwxr-xr-x  2 root root        4096 Sep 20 23:06 [01;34msudoers.d[0m
-rw-r--r--  1 root root        2084 Mar 31  2013 sysctl.conf
drwxr-xr-x  2 root root        4096 Jun 19  2015 [01;34msysctl.d[0m
drwxr-xr-x  2 root root        4096 Jun 15  2015 [01;34msysstat[0m
drwxr-xr-x  3 root root        4096 Feb 22 06:02 [01;34msystemd[0m
drwxr-xr-x  2 root root        4096 Jun 15  2015 [01;34mterminfo[0m
drwxr-xr-x 10 root root        4096 Jun 15  2015 [01;34mtexmf[0m
drwxr-xr-x  2 root root        4096 Jan 19 05:22 [01;34mthunderbird[0m
-rw-r--r--  1 root root         165 Dec 15  2013 tidy.conf
drwxr-xr-x  2 root root        4096 Feb 23 14:46 [01;34mtidylogs.d[0m
-rw-r--r--  1 root root          20 Nov  2 10:18 timezone
drwxr-xr-x  2 root root        4096 Aug  9  2014 [01;34mtmpfiles.d[0m
-rw-r--r--  1 root root        2032 Jul  6  2015 tmpreaper.conf
-rw-r--r--  1 root root         645 Jan 20  2014 ts.conf
-rw-r--r--  1 root root        1260 Jun 30  2013 ucf.conf
drwxr-xr-x  4 root root        4096 Feb 22 05:58 [01;34mudev[0m
drwxr-xr-x  2 root root        4096 Mar 10  2014 [01;34mudisks2[0m
drwxr-xr-x  3 root root        4096 Jun 15  2015 [01;34mufw[0m
-rw-r--r--  1 root root         514 Jul 16  2015 updatedb.conf
-rw-r--r--  1 root root         514 Jul 16  2015 updatedb.findutils.cron.local
drwxr-xr-x  3 root root        4096 Oct 19 07:34 [01;34mupdate-manager[0m
drwxr-xr-x  2 root root        4096 Feb 29 04:21 [01;34mupdate-motd.d[0m
drwxr-xr-x  2 root root        4096 Jun 15  2015 [01;34mupdate-notifier[0m
drwxr-xr-x  3 root root        4096 Mar 14 04:44 [01;34muplink[0m
drwxr-xr-x  2 root root        4096 Jun 15  2015 [01;34mUPower[0m
-rw-r--r--  1 root root         222 Apr 11  2014 upstart-xsessions
-rw-r--r--  1 root daemon      1655 Jan 30  2014 uptimed.conf
-rw-r--r--  1 root root         888 Apr  8  2014 usb_modeswitch.conf
drwxr-xr-x  2 root root        4096 Apr  8  2014 [01;34musb_modeswitch.d[0m
-rw-r--r--  1 root root          51 Aug 15  2013 vdpau_wrapper.cfg
drwxr-xr-x  2 root root        4096 Dec  7 05:11 [01;34mvim[0m
lrwxrwxrwx  1 root root          23 Jun 15  2015 [01;36mvtrgb[0m -> /etc/alternatives/vtrgb
-rw-r--r--  1 root root         314 Dec 27  2012 warnquota.conf
-rw-r--r--  1 root root        4812 Feb  7  2014 wgetrc
drwxr-xr-x  2 root root        4096 Aug 27  2015 [01;34mwireshark[0m
-rw-r--r--  1 root root        1343 Jan  9  2007 wodim.conf
drwxr-xr-x  2 root root        4096 Nov 24 03:28 [01;34mwpa_supplicant[0m
drwxr-xr-x 12 root root        4096 Mar  4 16:17 [01;34mX11[0m
drwxr-xr-x  8 root root        4096 Mar 11 09:11 [01;34mxdg[0m
drwxr-xr-x  2 root root        4096 Mar 11 09:11 [01;34mxfce4[0m
drwxr-xr-x  2 root root        4096 Jun 15  2015 [01;34mxinetd.d[0m
drwxr-xr-x  2 root root        4096 Jun 19  2015 [01;34mxml[0m
drwxr-xr-x  2 root root        4096 Aug 11  2015 [01;34mxul-ext[0m
drwxr-xr-x  2 root root        4096 Oct 14 02:34 [01;34mzsh[0m
-rw-r--r--  1 root root         349 Jun 26  2012 zsh_command_not_found
]0;/etc/[0;32m^_^[0m (0s) [2016/03/18-17:02:54]
